<?xml version="1.0" encoding="utf-8"?><testsuites name="pytest tests"><testsuite name="pytest" errors="0" failures="0" skipped="0" tests="9" time="0.981" timestamp="2026-08-04T05:21:18.287086+00:00" hostname="agent-env-3f3fc03d-7e56-402a-8292-6302b884fe81"><testcase classname="tests.test_pair_flow.TestSessions" name="test_create_session_shape" time="0.230" /><testcase classname="tests.test_pair_flow.TestSessions" name="test_join_and_third_device_rejected" time="0.174" /><testcase classname="tests.test_pair_flow.TestHoleSubmit" name="test_pending_then_verified" time="0.366" /><testcase classname="tests.test_pair_flow.TestHoleSubmit" name="test_mismatch_then_resubmit_verified" time="0.132" /><testcase classname="tests.test_pair_flow.TestSessions" name="test_join_invalid_code_404" time="0.044" /><testcase classname="tests.test_pair_flow.TestKeilor" name="test_course_detail" time="0.052" /><testcase classname="tests.test_pair_flow.TestHoleSubmit" name="test_mismatch_putts_only" time="0.088" /><testcase classname="tests.test_pair_flow.TestKeilor" name="test_courses_nearby_returns_only_keilor" time="0.043" /><testcase classname="tests.test_pair_flow.TestHoleSubmit" name="test_finish_session" time="0.044" /></testsuite></testsuites>