<?xml version="1.0" encoding="utf-8"?><testsuites name="pytest tests"><testsuite name="pytest" errors="0" failures="0" skipped="0" tests="4" time="21.703" timestamp="2026-08-04T03:33:59.318479+00:00" hostname="agent-env-3f3fc03d-7e56-402a-8292-6302b884fe81"><testcase classname="tests.test_golf_api" name="test_root" time="0.187" /><testcase classname="tests.test_golf_api" name="test_nearby_courses_sorted" time="20.876" /><testcase classname="tests.test_golf_api" name="test_course_detail_default_18" time="0.161" /><testcase classname="tests.test_golf_api" name="test_create_round_and_list" time="0.144" /></testsuite></testsuites>